\BOOKMARK [1][-]{section.1}{\376\377\133\236\232\214\166\356\166\204}{}% 1
\BOOKMARK [2][-]{subsection.1.1}{\376\377\133\236\232\214\166\356\150\007}{section.1}% 2
\BOOKMARK [2][-]{subsection.1.2}{\376\377\133\236\232\214\155\211\123\312\122\060\166\204\133\146\116\140\121\205\133\271}{section.1}% 3
\BOOKMARK [1][-]{section.2}{\376\377\133\236\232\214\121\167\117\123\133\214\142\020\140\305\121\265}{}% 4
\BOOKMARK [2][-]{subsection.2.1}{\376\377\133\236\232\214\140\073\117\123\145\271\150\110\213\276\213\241}{section.2}% 5
\BOOKMARK [2][-]{subsection.2.2}{\376\377\121\167\117\123\142\200\147\057\220\024\137\204}{section.2}% 6
\BOOKMARK [3][-]{subsubsection.2.2.1}{\376\377\145\160\143\156\121\306\131\007\377\032\147\204\136\372\167\037\120\074\126\376\120\317\377\014\165\050\116\216\124\016\176\355\166\204\173\227\154\325\213\304\117\060}{subsection.2.2}% 7
\BOOKMARK [3][-]{subsubsection.2.2.2}{\376\377\145\160\143\156\230\204\131\004\164\006\377\032\133\371\116\216\122\035\131\313\126\376\120\317\377\014\221\307\165\050\116\015\124\014\156\344\154\342\145\271\137\017\133\371\126\376\120\317\217\333\210\114\230\204\131\004\164\006}{subsection.2.2}% 8
\BOOKMARK [3][-]{subsubsection.2.2.3}{\376\377\162\171\137\201\143\320\123\326\377\032\221\307\165\050\116\015\124\014\145\271\154\325\217\333\210\114\162\171\137\201\143\320\123\326\377\014\165\050\116\216\124\016\176\355\166\204\213\241\173\227}{subsection.2.2}% 9
\BOOKMARK [3][-]{subsubsection.2.2.4}{\376\377\155\101\137\142\133\146\116\140\145\271\154\325\123\357\211\306\123\026\377\032\221\307\165\050\116\015\124\014\145\271\154\325\133\371\162\171\137\201\143\320\123\326\145\110\147\234\217\333\210\114\123\357\211\306\123\026}{subsection.2.2}% 10
\BOOKMARK [3][-]{subsubsection.2.2.5}{\376\377\122\006\174\173\173\227\154\325\377\010\220\123\215\357\122\006\122\162\377\011\377\032\221\307\165\050\116\015\124\014\166\204\173\227\154\325\217\333\210\114\220\123\215\357\122\006\122\162\377\014\136\166\217\333\210\114\153\324\133\371}{subsection.2.2}% 11
\BOOKMARK [3][-]{subsubsection.2.2.6}{\376\377\145\160\143\156\124\016\131\004\164\006\377\032\221\307\165\050\116\015\124\014\145\271\137\017\133\371\122\006\122\162\124\016\166\204\220\123\215\357\217\333\210\114\217\333\116\000\153\145\117\030\123\026\377\014\143\320\123\107\122\006\122\162\145\110\147\234}{subsection.2.2}% 12
\BOOKMARK [1][-]{section.3}{\376\377\133\236\232\214\176\323\147\234\116\016\122\006\147\220}{}% 13
\BOOKMARK [2][-]{subsection.3.1}{\376\377\145\160\143\156\121\306\131\007\377\032\167\037\120\074\126\376\120\317\147\204\136\372}{section.3}% 14
\BOOKMARK [2][-]{subsection.3.2}{\376\377\145\160\143\156\230\204\131\004\164\006\377\032\156\344\154\342}{section.3}% 15
\BOOKMARK [2][-]{subsection.3.3}{\376\377\162\171\137\201\143\320\123\326\377\032\221\307\165\050\000P\000C\000A\060\001\000K\000P\000C\000A\060\001\000L\000D\000A\060\001\000D\000i\000c\000t\000i\000o\000n\000a\000r\000y\000\137\000L\000e\000a\000r\000n\000i\000n\000g}{section.3}% 16
\BOOKMARK [2][-]{subsection.3.4}{\376\377\155\101\137\142\133\146\116\140\145\271\154\325\377\032\213\304\117\060\162\171\137\201\143\320\123\326\145\110\147\234}{section.3}% 17
\BOOKMARK [2][-]{subsection.3.5}{\376\377\122\006\174\173\173\227\154\325\377\032\220\123\215\357\122\006\122\162}{section.3}% 18
\BOOKMARK [2][-]{subsection.3.6}{\376\377\145\160\143\156\124\016\131\004\164\006\377\032\221\307\165\050\137\142\140\001\133\146\145\271\154\325\117\030\123\026\176\323\147\234}{section.3}% 19
\BOOKMARK [1][-]{section.4}{\376\377\155\101\137\142\133\146\116\140\124\004\116\052\123\302\145\160\166\204\143\242\172\166}{}% 20
\BOOKMARK [1][-]{section.5}{\376\377\133\236\232\214\137\303\137\227\116\016\117\123\117\032}{}% 21
\BOOKMARK [1][-]{section.6}{\376\377\133\130\127\050\166\204\116\073\211\201\225\356\230\230\124\214\136\372\213\256}{}% 22
\BOOKMARK [1][-]{section.7}{\376\377\226\104\137\125}{}% 23
